Determining if the pthread_create exist failed with the following output:
Change Dir: /home/ncrl/ncrl_robotics/catkin_ws/build/CMakeFiles/CMakeTmp

Run Build Command:"/usr/bin/make" "cmTC_865cf/fast"
/usr/bin/make -f CMakeFiles/cmTC_865cf.dir/build.make CMakeFiles/cmTC_865cf.dir/build
make[1]: Entering directory '/home/ncrl/ncrl_robotics/catkin_ws/build/CMakeFiles/CMakeTmp'
Building C object CMakeFiles/cmTC_865cf.dir/CheckSymbolExists.c.o
/usr/bin/cc    -o CMakeFiles/cmTC_865cf.dir/CheckSymbolExists.c.o   -c /home/ncrl/ncrl_robotics/catkin_ws/build/CMakeFiles/CMakeTmp/CheckSymbolExists.c
Linking C executable cmTC_865cf
/usr/bin/cmake -E cmake_link_script CMakeFiles/cmTC_865cf.dir/link.txt --verbose=1
/usr/bin/cc      -rdynamic CMakeFiles/cmTC_865cf.dir/CheckSymbolExists.c.o  -o cmTC_865cf 
CMakeFiles/cmTC_865cf.dir/CheckSymbolExists.c.o: In function `main':
CheckSymbolExists.c:(.text+0x1b): undefined reference to `pthread_create'
collect2: error: ld returned 1 exit status
CMakeFiles/cmTC_865cf.dir/build.make:97: recipe for target 'cmTC_865cf' failed
make[1]: *** [cmTC_865cf] Error 1
make[1]: Leaving directory '/home/ncrl/ncrl_robotics/catkin_ws/build/CMakeFiles/CMakeTmp'
Makefile:126: recipe for target 'cmTC_865cf/fast' failed
make: *** [cmTC_865cf/fast] Error 2

File /home/ncrl/ncrl_robotics/catkin_ws/build/CMakeFiles/CMakeTmp/CheckSymbolExists.c:
/* */
#include <pthread.h>

int main(int argc, char** argv)
{
  (void)argv;
#ifndef pthread_create
  return ((int*)(&pthread_create))[argc];
#else
  (void)argc;
  return 0;
#endif
}

Determining if the function pthread_create exists in the pthreads failed with the following output:
Change Dir: /home/ncrl/ncrl_robotics/catkin_ws/build/CMakeFiles/CMakeTmp

Run Build Command:"/usr/bin/make" "cmTC_e23de/fast"
/usr/bin/make -f CMakeFiles/cmTC_e23de.dir/build.make CMakeFiles/cmTC_e23de.dir/build
make[1]: Entering directory '/home/ncrl/ncrl_robotics/catkin_ws/build/CMakeFiles/CMakeTmp'
Building C object CMakeFiles/cmTC_e23de.dir/CheckFunctionExists.c.o
/usr/bin/cc   -DCHECK_FUNCTION_EXISTS=pthread_create   -o CMakeFiles/cmTC_e23de.dir/CheckFunctionExists.c.o   -c /usr/share/cmake-3.10/Modules/CheckFunctionExists.c
Linking C executable cmTC_e23de
/usr/bin/cmake -E cmake_link_script CMakeFiles/cmTC_e23de.dir/link.txt --verbose=1
/usr/bin/cc  -DCHECK_FUNCTION_EXISTS=pthread_create    -rdynamic CMakeFiles/cmTC_e23de.dir/CheckFunctionExists.c.o  -o cmTC_e23de -lpthreads 
/usr/bin/ld: cannot find -lpthreads
collect2: error: ld returned 1 exit status
CMakeFiles/cmTC_e23de.dir/build.make:97: recipe for target 'cmTC_e23de' failed
make[1]: *** [cmTC_e23de] Error 1
make[1]: Leaving directory '/home/ncrl/ncrl_robotics/catkin_ws/build/CMakeFiles/CMakeTmp'
Makefile:126: recipe for target 'cmTC_e23de/fast' failed
make: *** [cmTC_e23de/fast] Error 2


